   0  $accept : %entry% $end

   1  program : decls EOF

   2  decls :
   3        | decls vdecl
   4        | decls fdecl

   5  fdecl : FUNC typ ID LPAREN params_opt RPAREN LCURLY vdecl_list stmt_list RCURLY

   6  params_opt :
   7             | params_list

   8  params_list : typ ID
   9              | params_list COMMA typ ID

  10  typ : BOOL
  11      | INT
  12      | STRING
  13      | NOTE
  14      | TONE
  15      | RHYTHM
  16      | NONE
  17      | typ LBRACK RBRACK

  18  vdecl_list :
  19             | vdecl_list vdecl

  20  vdecl : typ ID SEP

  21  stmt_list : stmt
  22            | stmt_list stmt

  23  stmt : expr SEP
  24       | RETURN expr_opt SEP
  25       | LCURLY stmt_list RCURLY
  26       | IF expr stmt
  27       | IF expr stmt ELSE stmt
  28       | FOR expr IN expr stmt
  29       | WHILE expr stmt

  30  expr_opt :
  31           | expr

  32  expr : literals
  33       | ID
  34       | expr PLUS expr
  35       | expr MINUS expr
  36       | expr TIMES expr
  37       | expr DIVIDE expr
  38       | expr MOD expr
  39       | expr EQ expr
  40       | expr NEQ expr
  41       | expr LT expr
  42       | expr LTE expr
  43       | expr GT expr
  44       | expr GTE expr
  45       | NOT expr
  46       | expr AND expr
  47       | expr OR expr
  48       | lit_array CONCAT lit_array
  49       | lit_array BIND lit_array
  50       | expr DUP expr
  51       | ID ASSIGN expr
  52       | ID LPAREN args_opt RPAREN

  53  args_opt :
  54           | args_list

  55  args_list : expr
  56            | args_list COMMA expr

  57  literals : LIT_BOOL
  58           | LIT_INT
  59           | LIT_STRING
  60           | LIT_RHYTHM
  61           | lit_note
  62           | lit_array

  63  lit_note : LT LIT_INT COMMA LIT_RHYTHM GT

  64  lit_array : LBRACK items_list RBRACK

  65  items_list :
  66             | expr
  67             | items_list COMMA expr

  68  %entry% : '\001' program

state 0
	$accept : . %entry% $end  (0)

	'\001'  shift 1
	.  error

	%entry%  goto 2


state 1
	%entry% : '\001' . program  (68)
	decls : .  (2)

	.  reduce 2

	program  goto 3
	decls  goto 4


state 2
	$accept : %entry% . $end  (0)

	$end  accept


state 3
	%entry% : '\001' program .  (68)

	.  reduce 68


state 4
	program : decls . EOF  (1)
	decls : decls . vdecl  (3)
	decls : decls . fdecl  (4)

	EOF  shift 5
	NOTE  shift 6
	TONE  shift 7
	RHYTHM  shift 8
	INT  shift 9
	BOOL  shift 10
	STRING  shift 11
	NONE  shift 12
	FUNC  shift 13
	.  error

	vdecl  goto 14
	fdecl  goto 15
	typ  goto 16


state 5
	program : decls EOF .  (1)

	.  reduce 1


state 6
	typ : NOTE .  (13)

	.  reduce 13


state 7
	typ : TONE .  (14)

	.  reduce 14


state 8
	typ : RHYTHM .  (15)

	.  reduce 15


state 9
	typ : INT .  (11)

	.  reduce 11


state 10
	typ : BOOL .  (10)

	.  reduce 10


state 11
	typ : STRING .  (12)

	.  reduce 12


state 12
	typ : NONE .  (16)

	.  reduce 16


state 13
	fdecl : FUNC . typ ID LPAREN params_opt RPAREN LCURLY vdecl_list stmt_list RCURLY  (5)

	NOTE  shift 6
	TONE  shift 7
	RHYTHM  shift 8
	INT  shift 9
	BOOL  shift 10
	STRING  shift 11
	NONE  shift 12
	.  error

	typ  goto 17


state 14
	decls : decls vdecl .  (3)

	.  reduce 3


state 15
	decls : decls fdecl .  (4)

	.  reduce 4


state 16
	typ : typ . LBRACK RBRACK  (17)
	vdecl : typ . ID SEP  (20)

	LBRACK  shift 18
	ID  shift 19
	.  error


state 17
	fdecl : FUNC typ . ID LPAREN params_opt RPAREN LCURLY vdecl_list stmt_list RCURLY  (5)
	typ : typ . LBRACK RBRACK  (17)

	LBRACK  shift 18
	ID  shift 20
	.  error


state 18
	typ : typ LBRACK . RBRACK  (17)

	RBRACK  shift 21
	.  error


state 19
	vdecl : typ ID . SEP  (20)

	SEP  shift 22
	.  error


state 20
	fdecl : FUNC typ ID . LPAREN params_opt RPAREN LCURLY vdecl_list stmt_list RCURLY  (5)

	LPAREN  shift 23
	.  error


state 21
	typ : typ LBRACK RBRACK .  (17)

	.  reduce 17


state 22
	vdecl : typ ID SEP .  (20)

	.  reduce 20


state 23
	fdecl : FUNC typ ID LPAREN . params_opt RPAREN LCURLY vdecl_list stmt_list RCURLY  (5)
	params_opt : .  (6)

	NOTE  shift 6
	TONE  shift 7
	RHYTHM  shift 8
	INT  shift 9
	BOOL  shift 10
	STRING  shift 11
	NONE  shift 12
	RPAREN  reduce 6

	typ  goto 24
	params_opt  goto 25
	params_list  goto 26


state 24
	params_list : typ . ID  (8)
	typ : typ . LBRACK RBRACK  (17)

	LBRACK  shift 18
	ID  shift 27
	.  error


state 25
	fdecl : FUNC typ ID LPAREN params_opt . RPAREN LCURLY vdecl_list stmt_list RCURLY  (5)

	RPAREN  shift 28
	.  error


state 26
	params_opt : params_list .  (7)
	params_list : params_list . COMMA typ ID  (9)

	COMMA  shift 29
	RPAREN  reduce 7


state 27
	params_list : typ ID .  (8)

	.  reduce 8


state 28
	fdecl : FUNC typ ID LPAREN params_opt RPAREN . LCURLY vdecl_list stmt_list RCURLY  (5)

	LCURLY  shift 30
	.  error


state 29
	params_list : params_list COMMA . typ ID  (9)

	NOTE  shift 6
	TONE  shift 7
	RHYTHM  shift 8
	INT  shift 9
	BOOL  shift 10
	STRING  shift 11
	NONE  shift 12
	.  error

	typ  goto 31


state 30
	fdecl : FUNC typ ID LPAREN params_opt RPAREN LCURLY . vdecl_list stmt_list RCURLY  (5)
	vdecl_list : .  (18)

	.  reduce 18

	vdecl_list  goto 32


state 31
	params_list : params_list COMMA typ . ID  (9)
	typ : typ . LBRACK RBRACK  (17)

	LBRACK  shift 18
	ID  shift 33
	.  error


state 32
	fdecl : FUNC typ ID LPAREN params_opt RPAREN LCURLY vdecl_list . stmt_list RCURLY  (5)
	vdecl_list : vdecl_list . vdecl  (19)

	LBRACK  shift 34
	LCURLY  shift 35
	LT  shift 36
	NOT  shift 37
	NOTE  shift 6
	TONE  shift 7
	RHYTHM  shift 8
	INT  shift 9
	BOOL  shift 10
	STRING  shift 11
	NONE  shift 12
	IF  shift 38
	FOR  shift 39
	WHILE  shift 40
	RETURN  shift 41
	LIT_BOOL  shift 42
	LIT_INT  shift 43
	LIT_STRING  shift 44
	LIT_RHYTHM  shift 45
	ID  shift 46
	.  error

	vdecl  goto 47
	typ  goto 16
	stmt_list  goto 48
	stmt  goto 49
	expr  goto 50
	literals  goto 51
	lit_array  goto 52
	lit_note  goto 53


state 33
	params_list : params_list COMMA typ ID .  (9)

	.  reduce 9


state 34
	lit_array : LBRACK . items_list RBRACK  (64)
	items_list : .  (65)

	LBRACK  shift 34
	LT  shift 36
	NOT  shift 37
	LIT_BOOL  shift 42
	LIT_INT  shift 43
	LIT_STRING  shift 44
	LIT_RHYTHM  shift 45
	ID  shift 46
	RBRACK  reduce 65
	COMMA  reduce 65

	expr  goto 54
	literals  goto 51
	lit_array  goto 52
	lit_note  goto 53
	items_list  goto 55


state 35
	stmt : LCURLY . stmt_list RCURLY  (25)

	LBRACK  shift 34
	LCURLY  shift 35
	LT  shift 36
	NOT  shift 37
	IF  shift 38
	FOR  shift 39
	WHILE  shift 40
	RETURN  shift 41
	LIT_BOOL  shift 42
	LIT_INT  shift 43
	LIT_STRING  shift 44
	LIT_RHYTHM  shift 45
	ID  shift 46
	.  error

	stmt_list  goto 56
	stmt  goto 49
	expr  goto 50
	literals  goto 51
	lit_array  goto 52
	lit_note  goto 53


state 36
	lit_note : LT . LIT_INT COMMA LIT_RHYTHM GT  (63)

	LIT_INT  shift 57
	.  error


state 37
	expr : NOT . expr  (45)

	LBRACK  shift 34
	LT  shift 36
	NOT  shift 37
	LIT_BOOL  shift 42
	LIT_INT  shift 43
	LIT_STRING  shift 44
	LIT_RHYTHM  shift 45
	ID  shift 46
	.  error

	expr  goto 58
	literals  goto 51
	lit_array  goto 52
	lit_note  goto 53


state 38
	stmt : IF . expr stmt  (26)
	stmt : IF . expr stmt ELSE stmt  (27)

	LBRACK  shift 34
	LT  shift 36
	NOT  shift 37
	LIT_BOOL  shift 42
	LIT_INT  shift 43
	LIT_STRING  shift 44
	LIT_RHYTHM  shift 45
	ID  shift 46
	.  error

	expr  goto 59
	literals  goto 51
	lit_array  goto 52
	lit_note  goto 53


state 39
	stmt : FOR . expr IN expr stmt  (28)

	LBRACK  shift 34
	LT  shift 36
	NOT  shift 37
	LIT_BOOL  shift 42
	LIT_INT  shift 43
	LIT_STRING  shift 44
	LIT_RHYTHM  shift 45
	ID  shift 46
	.  error

	expr  goto 60
	literals  goto 51
	lit_array  goto 52
	lit_note  goto 53


state 40
	stmt : WHILE . expr stmt  (29)

	LBRACK  shift 34
	LT  shift 36
	NOT  shift 37
	LIT_BOOL  shift 42
	LIT_INT  shift 43
	LIT_STRING  shift 44
	LIT_RHYTHM  shift 45
	ID  shift 46
	.  error

	expr  goto 61
	literals  goto 51
	lit_array  goto 52
	lit_note  goto 53


state 41
	stmt : RETURN . expr_opt SEP  (24)
	expr_opt : .  (30)

	LBRACK  shift 34
	LT  shift 36
	NOT  shift 37
	LIT_BOOL  shift 42
	LIT_INT  shift 43
	LIT_STRING  shift 44
	LIT_RHYTHM  shift 45
	ID  shift 46
	SEP  reduce 30

	expr  goto 62
	expr_opt  goto 63
	literals  goto 51
	lit_array  goto 52
	lit_note  goto 53


state 42
	literals : LIT_BOOL .  (57)

	.  reduce 57


state 43
	literals : LIT_INT .  (58)

	.  reduce 58


state 44
	literals : LIT_STRING .  (59)

	.  reduce 59


state 45
	literals : LIT_RHYTHM .  (60)

	.  reduce 60


state 46
	expr : ID .  (33)
	expr : ID . ASSIGN expr  (51)
	expr : ID . LPAREN args_opt RPAREN  (52)

	ASSIGN  shift 64
	LPAREN  shift 65
	SEP  reduce 33
	RPAREN  reduce 33
	LBRACK  reduce 33
	RBRACK  reduce 33
	LCURLY  reduce 33
	COMMA  reduce 33
	PLUS  reduce 33
	MINUS  reduce 33
	TIMES  reduce 33
	DIVIDE  reduce 33
	MOD  reduce 33
	DUP  reduce 33
	EQ  reduce 33
	NEQ  reduce 33
	LT  reduce 33
	LTE  reduce 33
	GT  reduce 33
	GTE  reduce 33
	AND  reduce 33
	OR  reduce 33
	NOT  reduce 33
	IN  reduce 33
	IF  reduce 33
	FOR  reduce 33
	WHILE  reduce 33
	RETURN  reduce 33
	LIT_BOOL  reduce 33
	LIT_INT  reduce 33
	LIT_STRING  reduce 33
	LIT_RHYTHM  reduce 33
	ID  reduce 33


state 47
	vdecl_list : vdecl_list vdecl .  (19)

	.  reduce 19


state 48
	fdecl : FUNC typ ID LPAREN params_opt RPAREN LCURLY vdecl_list stmt_list . RCURLY  (5)
	stmt_list : stmt_list . stmt  (22)

	LBRACK  shift 34
	LCURLY  shift 35
	RCURLY  shift 66
	LT  shift 36
	NOT  shift 37
	IF  shift 38
	FOR  shift 39
	WHILE  shift 40
	RETURN  shift 41
	LIT_BOOL  shift 42
	LIT_INT  shift 43
	LIT_STRING  shift 44
	LIT_RHYTHM  shift 45
	ID  shift 46
	.  error

	stmt  goto 67
	expr  goto 50
	literals  goto 51
	lit_array  goto 52
	lit_note  goto 53


state 49
	stmt_list : stmt .  (21)

	.  reduce 21


state 50
	stmt : expr . SEP  (23)
	expr : expr . PLUS expr  (34)
	expr : expr . MINUS expr  (35)
	expr : expr . TIMES expr  (36)
	expr : expr . DIVIDE expr  (37)
	expr : expr . MOD expr  (38)
	expr : expr . EQ expr  (39)
	expr : expr . NEQ expr  (40)
	expr : expr . LT expr  (41)
	expr : expr . LTE expr  (42)
	expr : expr . GT expr  (43)
	expr : expr . GTE expr  (44)
	expr : expr . AND expr  (46)
	expr : expr . OR expr  (47)
	expr : expr . DUP expr  (50)

	SEP  shift 68
	PLUS  shift 69
	MINUS  shift 70
	TIMES  shift 71
	DIVIDE  shift 72
	MOD  shift 73
	DUP  shift 74
	EQ  shift 75
	NEQ  shift 76
	LT  shift 77
	LTE  shift 78
	GT  shift 79
	GTE  shift 80
	AND  shift 81
	OR  shift 82
	.  error


state 51
	expr : literals .  (32)

	.  reduce 32


state 52
	expr : lit_array . CONCAT lit_array  (48)
	expr : lit_array . BIND lit_array  (49)
	literals : lit_array .  (62)

	CONCAT  shift 83
	BIND  shift 84
	SEP  reduce 62
	RPAREN  reduce 62
	LBRACK  reduce 62
	RBRACK  reduce 62
	LCURLY  reduce 62
	COMMA  reduce 62
	PLUS  reduce 62
	MINUS  reduce 62
	TIMES  reduce 62
	DIVIDE  reduce 62
	MOD  reduce 62
	DUP  reduce 62
	EQ  reduce 62
	NEQ  reduce 62
	LT  reduce 62
	LTE  reduce 62
	GT  reduce 62
	GTE  reduce 62
	AND  reduce 62
	OR  reduce 62
	NOT  reduce 62
	IN  reduce 62
	IF  reduce 62
	FOR  reduce 62
	WHILE  reduce 62
	RETURN  reduce 62
	LIT_BOOL  reduce 62
	LIT_INT  reduce 62
	LIT_STRING  reduce 62
	LIT_RHYTHM  reduce 62
	ID  reduce 62


state 53
	literals : lit_note .  (61)

	.  reduce 61


state 54
	expr : expr . PLUS expr  (34)
	expr : expr . MINUS expr  (35)
	expr : expr . TIMES expr  (36)
	expr : expr . DIVIDE expr  (37)
	expr : expr . MOD expr  (38)
	expr : expr . EQ expr  (39)
	expr : expr . NEQ expr  (40)
	expr : expr . LT expr  (41)
	expr : expr . LTE expr  (42)
	expr : expr . GT expr  (43)
	expr : expr . GTE expr  (44)
	expr : expr . AND expr  (46)
	expr : expr . OR expr  (47)
	expr : expr . DUP expr  (50)
	items_list : expr .  (66)

	PLUS  shift 69
	MINUS  shift 70
	TIMES  shift 71
	DIVIDE  shift 72
	MOD  shift 73
	DUP  shift 74
	EQ  shift 75
	NEQ  shift 76
	LT  shift 77
	LTE  shift 78
	GT  shift 79
	GTE  shift 80
	AND  shift 81
	OR  shift 82
	RBRACK  reduce 66
	COMMA  reduce 66


state 55
	lit_array : LBRACK items_list . RBRACK  (64)
	items_list : items_list . COMMA expr  (67)

	RBRACK  shift 85
	COMMA  shift 86
	.  error


state 56
	stmt_list : stmt_list . stmt  (22)
	stmt : LCURLY stmt_list . RCURLY  (25)

	LBRACK  shift 34
	LCURLY  shift 35
	RCURLY  shift 87
	LT  shift 36
	NOT  shift 37
	IF  shift 38
	FOR  shift 39
	WHILE  shift 40
	RETURN  shift 41
	LIT_BOOL  shift 42
	LIT_INT  shift 43
	LIT_STRING  shift 44
	LIT_RHYTHM  shift 45
	ID  shift 46
	.  error

	stmt  goto 67
	expr  goto 50
	literals  goto 51
	lit_array  goto 52
	lit_note  goto 53


state 57
	lit_note : LT LIT_INT . COMMA LIT_RHYTHM GT  (63)

	COMMA  shift 88
	.  error


state 58
	expr : expr . PLUS expr  (34)
	expr : expr . MINUS expr  (35)
	expr : expr . TIMES expr  (36)
	expr : expr . DIVIDE expr  (37)
	expr : expr . MOD expr  (38)
	expr : expr . EQ expr  (39)
	expr : expr . NEQ expr  (40)
	expr : expr . LT expr  (41)
	expr : expr . LTE expr  (42)
	expr : expr . GT expr  (43)
	expr : expr . GTE expr  (44)
	expr : NOT expr .  (45)
	expr : expr . AND expr  (46)
	expr : expr . OR expr  (47)
	expr : expr . DUP expr  (50)

	.  reduce 45


state 59
	stmt : IF expr . stmt  (26)
	stmt : IF expr . stmt ELSE stmt  (27)
	expr : expr . PLUS expr  (34)
	expr : expr . MINUS expr  (35)
	expr : expr . TIMES expr  (36)
	expr : expr . DIVIDE expr  (37)
	expr : expr . MOD expr  (38)
	expr : expr . EQ expr  (39)
	expr : expr . NEQ expr  (40)
	expr : expr . LT expr  (41)
	expr : expr . LTE expr  (42)
	expr : expr . GT expr  (43)
	expr : expr . GTE expr  (44)
	expr : expr . AND expr  (46)
	expr : expr . OR expr  (47)
	expr : expr . DUP expr  (50)

	LBRACK  shift 34
	LCURLY  shift 35
	PLUS  shift 69
	MINUS  shift 70
	TIMES  shift 71
	DIVIDE  shift 72
	MOD  shift 73
	DUP  shift 74
	EQ  shift 75
	NEQ  shift 76
	LT  shift 89
	LTE  shift 78
	GT  shift 79
	GTE  shift 80
	AND  shift 81
	OR  shift 82
	NOT  shift 37
	IF  shift 38
	FOR  shift 39
	WHILE  shift 40
	RETURN  shift 41
	LIT_BOOL  shift 42
	LIT_INT  shift 43
	LIT_STRING  shift 44
	LIT_RHYTHM  shift 45
	ID  shift 46
	.  error

	stmt  goto 90
	expr  goto 50
	literals  goto 51
	lit_array  goto 52
	lit_note  goto 53


state 60
	stmt : FOR expr . IN expr stmt  (28)
	expr : expr . PLUS expr  (34)
	expr : expr . MINUS expr  (35)
	expr : expr . TIMES expr  (36)
	expr : expr . DIVIDE expr  (37)
	expr : expr . MOD expr  (38)
	expr : expr . EQ expr  (39)
	expr : expr . NEQ expr  (40)
	expr : expr . LT expr  (41)
	expr : expr . LTE expr  (42)
	expr : expr . GT expr  (43)
	expr : expr . GTE expr  (44)
	expr : expr . AND expr  (46)
	expr : expr . OR expr  (47)
	expr : expr . DUP expr  (50)

	PLUS  shift 69
	MINUS  shift 70
	TIMES  shift 71
	DIVIDE  shift 72
	MOD  shift 73
	DUP  shift 74
	EQ  shift 75
	NEQ  shift 76
	LT  shift 77
	LTE  shift 78
	GT  shift 79
	GTE  shift 80
	AND  shift 81
	OR  shift 82
	IN  shift 91
	.  error


state 61
	stmt : WHILE expr . stmt  (29)
	expr : expr . PLUS expr  (34)
	expr : expr . MINUS expr  (35)
	expr : expr . TIMES expr  (36)
	expr : expr . DIVIDE expr  (37)
	expr : expr . MOD expr  (38)
	expr : expr . EQ expr  (39)
	expr : expr . NEQ expr  (40)
	expr : expr . LT expr  (41)
	expr : expr . LTE expr  (42)
	expr : expr . GT expr  (43)
	expr : expr . GTE expr  (44)
	expr : expr . AND expr  (46)
	expr : expr . OR expr  (47)
	expr : expr . DUP expr  (50)

	LBRACK  shift 34
	LCURLY  shift 35
	PLUS  shift 69
	MINUS  shift 70
	TIMES  shift 71
	DIVIDE  shift 72
	MOD  shift 73
	DUP  shift 74
	EQ  shift 75
	NEQ  shift 76
	LT  shift 89
	LTE  shift 78
	GT  shift 79
	GTE  shift 80
	AND  shift 81
	OR  shift 82
	NOT  shift 37
	IF  shift 38
	FOR  shift 39
	WHILE  shift 40
	RETURN  shift 41
	LIT_BOOL  shift 42
	LIT_INT  shift 43
	LIT_STRING  shift 44
	LIT_RHYTHM  shift 45
	ID  shift 46
	.  error

	stmt  goto 92
	expr  goto 50
	literals  goto 51
	lit_array  goto 52
	lit_note  goto 53


state 62
	expr_opt : expr .  (31)
	expr : expr . PLUS expr  (34)
	expr : expr . MINUS expr  (35)
	expr : expr . TIMES expr  (36)
	expr : expr . DIVIDE expr  (37)
	expr : expr . MOD expr  (38)
	expr : expr . EQ expr  (39)
	expr : expr . NEQ expr  (40)
	expr : expr . LT expr  (41)
	expr : expr . LTE expr  (42)
	expr : expr . GT expr  (43)
	expr : expr . GTE expr  (44)
	expr : expr . AND expr  (46)
	expr : expr . OR expr  (47)
	expr : expr . DUP expr  (50)

	PLUS  shift 69
	MINUS  shift 70
	TIMES  shift 71
	DIVIDE  shift 72
	MOD  shift 73
	DUP  shift 74
	EQ  shift 75
	NEQ  shift 76
	LT  shift 77
	LTE  shift 78
	GT  shift 79
	GTE  shift 80
	AND  shift 81
	OR  shift 82
	SEP  reduce 31


state 63
	stmt : RETURN expr_opt . SEP  (24)

	SEP  shift 93
	.  error


state 64
	expr : ID ASSIGN . expr  (51)

	LBRACK  shift 34
	LT  shift 36
	NOT  shift 37
	LIT_BOOL  shift 42
	LIT_INT  shift 43
	LIT_STRING  shift 44
	LIT_RHYTHM  shift 45
	ID  shift 46
	.  error

	expr  goto 94
	literals  goto 51
	lit_array  goto 52
	lit_note  goto 53


state 65
	expr : ID LPAREN . args_opt RPAREN  (52)
	args_opt : .  (53)

	LBRACK  shift 34
	LT  shift 36
	NOT  shift 37
	LIT_BOOL  shift 42
	LIT_INT  shift 43
	LIT_STRING  shift 44
	LIT_RHYTHM  shift 45
	ID  shift 46
	RPAREN  reduce 53

	expr  goto 95
	literals  goto 51
	lit_array  goto 52
	args_opt  goto 96
	args_list  goto 97
	lit_note  goto 53


state 66
	fdecl : FUNC typ ID LPAREN params_opt RPAREN LCURLY vdecl_list stmt_list RCURLY .  (5)

	.  reduce 5


state 67
	stmt_list : stmt_list stmt .  (22)

	.  reduce 22


state 68
	stmt : expr SEP .  (23)

	.  reduce 23


state 69
	expr : expr PLUS . expr  (34)

	LBRACK  shift 34
	LT  shift 36
	NOT  shift 37
	LIT_BOOL  shift 42
	LIT_INT  shift 43
	LIT_STRING  shift 44
	LIT_RHYTHM  shift 45
	ID  shift 46
	.  error

	expr  goto 98
	literals  goto 51
	lit_array  goto 52
	lit_note  goto 53


state 70
	expr : expr MINUS . expr  (35)

	LBRACK  shift 34
	LT  shift 36
	NOT  shift 37
	LIT_BOOL  shift 42
	LIT_INT  shift 43
	LIT_STRING  shift 44
	LIT_RHYTHM  shift 45
	ID  shift 46
	.  error

	expr  goto 99
	literals  goto 51
	lit_array  goto 52
	lit_note  goto 53


state 71
	expr : expr TIMES . expr  (36)

	LBRACK  shift 34
	LT  shift 36
	NOT  shift 37
	LIT_BOOL  shift 42
	LIT_INT  shift 43
	LIT_STRING  shift 44
	LIT_RHYTHM  shift 45
	ID  shift 46
	.  error

	expr  goto 100
	literals  goto 51
	lit_array  goto 52
	lit_note  goto 53


state 72
	expr : expr DIVIDE . expr  (37)

	LBRACK  shift 34
	LT  shift 36
	NOT  shift 37
	LIT_BOOL  shift 42
	LIT_INT  shift 43
	LIT_STRING  shift 44
	LIT_RHYTHM  shift 45
	ID  shift 46
	.  error

	expr  goto 101
	literals  goto 51
	lit_array  goto 52
	lit_note  goto 53


state 73
	expr : expr MOD . expr  (38)

	LBRACK  shift 34
	LT  shift 36
	NOT  shift 37
	LIT_BOOL  shift 42
	LIT_INT  shift 43
	LIT_STRING  shift 44
	LIT_RHYTHM  shift 45
	ID  shift 46
	.  error

	expr  goto 102
	literals  goto 51
	lit_array  goto 52
	lit_note  goto 53


state 74
	expr : expr DUP . expr  (50)

	LBRACK  shift 34
	LT  shift 36
	NOT  shift 37
	LIT_BOOL  shift 42
	LIT_INT  shift 43
	LIT_STRING  shift 44
	LIT_RHYTHM  shift 45
	ID  shift 46
	.  error

	expr  goto 103
	literals  goto 51
	lit_array  goto 52
	lit_note  goto 53


state 75
	expr : expr EQ . expr  (39)

	LBRACK  shift 34
	LT  shift 36
	NOT  shift 37
	LIT_BOOL  shift 42
	LIT_INT  shift 43
	LIT_STRING  shift 44
	LIT_RHYTHM  shift 45
	ID  shift 46
	.  error

	expr  goto 104
	literals  goto 51
	lit_array  goto 52
	lit_note  goto 53


state 76
	expr : expr NEQ . expr  (40)

	LBRACK  shift 34
	LT  shift 36
	NOT  shift 37
	LIT_BOOL  shift 42
	LIT_INT  shift 43
	LIT_STRING  shift 44
	LIT_RHYTHM  shift 45
	ID  shift 46
	.  error

	expr  goto 105
	literals  goto 51
	lit_array  goto 52
	lit_note  goto 53


state 77
	expr : expr LT . expr  (41)

	LBRACK  shift 34
	LT  shift 36
	NOT  shift 37
	LIT_BOOL  shift 42
	LIT_INT  shift 43
	LIT_STRING  shift 44
	LIT_RHYTHM  shift 45
	ID  shift 46
	.  error

	expr  goto 106
	literals  goto 51
	lit_array  goto 52
	lit_note  goto 53


state 78
	expr : expr LTE . expr  (42)

	LBRACK  shift 34
	LT  shift 36
	NOT  shift 37
	LIT_BOOL  shift 42
	LIT_INT  shift 43
	LIT_STRING  shift 44
	LIT_RHYTHM  shift 45
	ID  shift 46
	.  error

	expr  goto 107
	literals  goto 51
	lit_array  goto 52
	lit_note  goto 53


state 79
	expr : expr GT . expr  (43)

	LBRACK  shift 34
	LT  shift 36
	NOT  shift 37
	LIT_BOOL  shift 42
	LIT_INT  shift 43
	LIT_STRING  shift 44
	LIT_RHYTHM  shift 45
	ID  shift 46
	.  error

	expr  goto 108
	literals  goto 51
	lit_array  goto 52
	lit_note  goto 53


state 80
	expr : expr GTE . expr  (44)

	LBRACK  shift 34
	LT  shift 36
	NOT  shift 37
	LIT_BOOL  shift 42
	LIT_INT  shift 43
	LIT_STRING  shift 44
	LIT_RHYTHM  shift 45
	ID  shift 46
	.  error

	expr  goto 109
	literals  goto 51
	lit_array  goto 52
	lit_note  goto 53


state 81
	expr : expr AND . expr  (46)

	LBRACK  shift 34
	LT  shift 36
	NOT  shift 37
	LIT_BOOL  shift 42
	LIT_INT  shift 43
	LIT_STRING  shift 44
	LIT_RHYTHM  shift 45
	ID  shift 46
	.  error

	expr  goto 110
	literals  goto 51
	lit_array  goto 52
	lit_note  goto 53


state 82
	expr : expr OR . expr  (47)

	LBRACK  shift 34
	LT  shift 36
	NOT  shift 37
	LIT_BOOL  shift 42
	LIT_INT  shift 43
	LIT_STRING  shift 44
	LIT_RHYTHM  shift 45
	ID  shift 46
	.  error

	expr  goto 111
	literals  goto 51
	lit_array  goto 52
	lit_note  goto 53


state 83
	expr : lit_array CONCAT . lit_array  (48)

	LBRACK  shift 34
	.  error

	lit_array  goto 112


state 84
	expr : lit_array BIND . lit_array  (49)

	LBRACK  shift 34
	.  error

	lit_array  goto 113


state 85
	lit_array : LBRACK items_list RBRACK .  (64)

	.  reduce 64


state 86
	items_list : items_list COMMA . expr  (67)

	LBRACK  shift 34
	LT  shift 36
	NOT  shift 37
	LIT_BOOL  shift 42
	LIT_INT  shift 43
	LIT_STRING  shift 44
	LIT_RHYTHM  shift 45
	ID  shift 46
	.  error

	expr  goto 114
	literals  goto 51
	lit_array  goto 52
	lit_note  goto 53


state 87
	stmt : LCURLY stmt_list RCURLY .  (25)

	.  reduce 25


state 88
	lit_note : LT LIT_INT COMMA . LIT_RHYTHM GT  (63)

	LIT_RHYTHM  shift 115
	.  error


state 89
	expr : expr LT . expr  (41)
	lit_note : LT . LIT_INT COMMA LIT_RHYTHM GT  (63)

	LBRACK  shift 34
	LT  shift 36
	NOT  shift 37
	LIT_BOOL  shift 42
	LIT_INT  shift 116
	LIT_STRING  shift 44
	LIT_RHYTHM  shift 45
	ID  shift 46
	.  error

	expr  goto 106
	literals  goto 51
	lit_array  goto 52
	lit_note  goto 53


state 90
	stmt : IF expr stmt .  (26)
	stmt : IF expr stmt . ELSE stmt  (27)

	ELSE  shift 117
	LBRACK  reduce 26
	LCURLY  reduce 26
	RCURLY  reduce 26
	LT  reduce 26
	NOT  reduce 26
	IF  reduce 26
	FOR  reduce 26
	WHILE  reduce 26
	RETURN  reduce 26
	LIT_BOOL  reduce 26
	LIT_INT  reduce 26
	LIT_STRING  reduce 26
	LIT_RHYTHM  reduce 26
	ID  reduce 26


state 91
	stmt : FOR expr IN . expr stmt  (28)

	LBRACK  shift 34
	LT  shift 36
	NOT  shift 37
	LIT_BOOL  shift 42
	LIT_INT  shift 43
	LIT_STRING  shift 44
	LIT_RHYTHM  shift 45
	ID  shift 46
	.  error

	expr  goto 118
	literals  goto 51
	lit_array  goto 52
	lit_note  goto 53


state 92
	stmt : WHILE expr stmt .  (29)

	.  reduce 29


state 93
	stmt : RETURN expr_opt SEP .  (24)

	.  reduce 24


state 94
	expr : expr . PLUS expr  (34)
	expr : expr . MINUS expr  (35)
	expr : expr . TIMES expr  (36)
	expr : expr . DIVIDE expr  (37)
	expr : expr . MOD expr  (38)
	expr : expr . EQ expr  (39)
	expr : expr . NEQ expr  (40)
	expr : expr . LT expr  (41)
	expr : expr . LTE expr  (42)
	expr : expr . GT expr  (43)
	expr : expr . GTE expr  (44)
	expr : expr . AND expr  (46)
	expr : expr . OR expr  (47)
	expr : expr . DUP expr  (50)
	expr : ID ASSIGN expr .  (51)

	PLUS  shift 69
	MINUS  shift 70
	TIMES  shift 71
	DIVIDE  shift 72
	MOD  shift 73
	DUP  shift 74
	EQ  shift 75
	NEQ  shift 76
	LT  shift 77
	LTE  shift 78
	GT  shift 79
	GTE  shift 80
	AND  shift 81
	OR  shift 82
	SEP  reduce 51
	RPAREN  reduce 51
	LBRACK  reduce 51
	RBRACK  reduce 51
	LCURLY  reduce 51
	COMMA  reduce 51
	NOT  reduce 51
	IN  reduce 51
	IF  reduce 51
	FOR  reduce 51
	WHILE  reduce 51
	RETURN  reduce 51
	LIT_BOOL  reduce 51
	LIT_INT  reduce 51
	LIT_STRING  reduce 51
	LIT_RHYTHM  reduce 51
	ID  reduce 51


state 95
	expr : expr . PLUS expr  (34)
	expr : expr . MINUS expr  (35)
	expr : expr . TIMES expr  (36)
	expr : expr . DIVIDE expr  (37)
	expr : expr . MOD expr  (38)
	expr : expr . EQ expr  (39)
	expr : expr . NEQ expr  (40)
	expr : expr . LT expr  (41)
	expr : expr . LTE expr  (42)
	expr : expr . GT expr  (43)
	expr : expr . GTE expr  (44)
	expr : expr . AND expr  (46)
	expr : expr . OR expr  (47)
	expr : expr . DUP expr  (50)
	args_list : expr .  (55)

	PLUS  shift 69
	MINUS  shift 70
	TIMES  shift 71
	DIVIDE  shift 72
	MOD  shift 73
	DUP  shift 74
	EQ  shift 75
	NEQ  shift 76
	LT  shift 77
	LTE  shift 78
	GT  shift 79
	GTE  shift 80
	AND  shift 81
	OR  shift 82
	RPAREN  reduce 55
	COMMA  reduce 55


state 96
	expr : ID LPAREN args_opt . RPAREN  (52)

	RPAREN  shift 119
	.  error


state 97
	args_opt : args_list .  (54)
	args_list : args_list . COMMA expr  (56)

	COMMA  shift 120
	RPAREN  reduce 54


state 98
	expr : expr . PLUS expr  (34)
	expr : expr PLUS expr .  (34)
	expr : expr . MINUS expr  (35)
	expr : expr . TIMES expr  (36)
	expr : expr . DIVIDE expr  (37)
	expr : expr . MOD expr  (38)
	expr : expr . EQ expr  (39)
	expr : expr . NEQ expr  (40)
	expr : expr . LT expr  (41)
	expr : expr . LTE expr  (42)
	expr : expr . GT expr  (43)
	expr : expr . GTE expr  (44)
	expr : expr . AND expr  (46)
	expr : expr . OR expr  (47)
	expr : expr . DUP expr  (50)

	TIMES  shift 71
	DIVIDE  shift 72
	MOD  shift 73
	SEP  reduce 34
	RPAREN  reduce 34
	LBRACK  reduce 34
	RBRACK  reduce 34
	LCURLY  reduce 34
	COMMA  reduce 34
	PLUS  reduce 34
	MINUS  reduce 34
	DUP  reduce 34
	EQ  reduce 34
	NEQ  reduce 34
	LT  reduce 34
	LTE  reduce 34
	GT  reduce 34
	GTE  reduce 34
	AND  reduce 34
	OR  reduce 34
	NOT  reduce 34
	IN  reduce 34
	IF  reduce 34
	FOR  reduce 34
	WHILE  reduce 34
	RETURN  reduce 34
	LIT_BOOL  reduce 34
	LIT_INT  reduce 34
	LIT_STRING  reduce 34
	LIT_RHYTHM  reduce 34
	ID  reduce 34


state 99
	expr : expr . PLUS expr  (34)
	expr : expr . MINUS expr  (35)
	expr : expr MINUS expr .  (35)
	expr : expr . TIMES expr  (36)
	expr : expr . DIVIDE expr  (37)
	expr : expr . MOD expr  (38)
	expr : expr . EQ expr  (39)
	expr : expr . NEQ expr  (40)
	expr : expr . LT expr  (41)
	expr : expr . LTE expr  (42)
	expr : expr . GT expr  (43)
	expr : expr . GTE expr  (44)
	expr : expr . AND expr  (46)
	expr : expr . OR expr  (47)
	expr : expr . DUP expr  (50)

	TIMES  shift 71
	DIVIDE  shift 72
	MOD  shift 73
	SEP  reduce 35
	RPAREN  reduce 35
	LBRACK  reduce 35
	RBRACK  reduce 35
	LCURLY  reduce 35
	COMMA  reduce 35
	PLUS  reduce 35
	MINUS  reduce 35
	DUP  reduce 35
	EQ  reduce 35
	NEQ  reduce 35
	LT  reduce 35
	LTE  reduce 35
	GT  reduce 35
	GTE  reduce 35
	AND  reduce 35
	OR  reduce 35
	NOT  reduce 35
	IN  reduce 35
	IF  reduce 35
	FOR  reduce 35
	WHILE  reduce 35
	RETURN  reduce 35
	LIT_BOOL  reduce 35
	LIT_INT  reduce 35
	LIT_STRING  reduce 35
	LIT_RHYTHM  reduce 35
	ID  reduce 35


state 100
	expr : expr . PLUS expr  (34)
	expr : expr . MINUS expr  (35)
	expr : expr . TIMES expr  (36)
	expr : expr TIMES expr .  (36)
	expr : expr . DIVIDE expr  (37)
	expr : expr . MOD expr  (38)
	expr : expr . EQ expr  (39)
	expr : expr . NEQ expr  (40)
	expr : expr . LT expr  (41)
	expr : expr . LTE expr  (42)
	expr : expr . GT expr  (43)
	expr : expr . GTE expr  (44)
	expr : expr . AND expr  (46)
	expr : expr . OR expr  (47)
	expr : expr . DUP expr  (50)

	.  reduce 36


state 101
	expr : expr . PLUS expr  (34)
	expr : expr . MINUS expr  (35)
	expr : expr . TIMES expr  (36)
	expr : expr . DIVIDE expr  (37)
	expr : expr DIVIDE expr .  (37)
	expr : expr . MOD expr  (38)
	expr : expr . EQ expr  (39)
	expr : expr . NEQ expr  (40)
	expr : expr . LT expr  (41)
	expr : expr . LTE expr  (42)
	expr : expr . GT expr  (43)
	expr : expr . GTE expr  (44)
	expr : expr . AND expr  (46)
	expr : expr . OR expr  (47)
	expr : expr . DUP expr  (50)

	.  reduce 37


state 102
	expr : expr . PLUS expr  (34)
	expr : expr . MINUS expr  (35)
	expr : expr . TIMES expr  (36)
	expr : expr . DIVIDE expr  (37)
	expr : expr . MOD expr  (38)
	expr : expr MOD expr .  (38)
	expr : expr . EQ expr  (39)
	expr : expr . NEQ expr  (40)
	expr : expr . LT expr  (41)
	expr : expr . LTE expr  (42)
	expr : expr . GT expr  (43)
	expr : expr . GTE expr  (44)
	expr : expr . AND expr  (46)
	expr : expr . OR expr  (47)
	expr : expr . DUP expr  (50)

	.  reduce 38


state 103
	expr : expr . PLUS expr  (34)
	expr : expr . MINUS expr  (35)
	expr : expr . TIMES expr  (36)
	expr : expr . DIVIDE expr  (37)
	expr : expr . MOD expr  (38)
	expr : expr . EQ expr  (39)
	expr : expr . NEQ expr  (40)
	expr : expr . LT expr  (41)
	expr : expr . LTE expr  (42)
	expr : expr . GT expr  (43)
	expr : expr . GTE expr  (44)
	expr : expr . AND expr  (46)
	expr : expr . OR expr  (47)
	expr : expr . DUP expr  (50)
	expr : expr DUP expr .  (50)

	PLUS  shift 69
	MINUS  shift 70
	TIMES  shift 71
	DIVIDE  shift 72
	MOD  shift 73
	SEP  reduce 50
	RPAREN  reduce 50
	LBRACK  reduce 50
	RBRACK  reduce 50
	LCURLY  reduce 50
	COMMA  reduce 50
	EQ  reduce 50
	NEQ  reduce 50
	LT  reduce 50
	LTE  reduce 50
	GT  reduce 50
	GTE  reduce 50
	AND  reduce 50
	OR  reduce 50
	NOT  reduce 50
	IN  reduce 50
	IF  reduce 50
	FOR  reduce 50
	WHILE  reduce 50
	RETURN  reduce 50
	LIT_BOOL  reduce 50
	LIT_INT  reduce 50
	LIT_STRING  reduce 50
	LIT_RHYTHM  reduce 50
	ID  reduce 50


state 104
	expr : expr . PLUS expr  (34)
	expr : expr . MINUS expr  (35)
	expr : expr . TIMES expr  (36)
	expr : expr . DIVIDE expr  (37)
	expr : expr . MOD expr  (38)
	expr : expr . EQ expr  (39)
	expr : expr EQ expr .  (39)
	expr : expr . NEQ expr  (40)
	expr : expr . LT expr  (41)
	expr : expr . LTE expr  (42)
	expr : expr . GT expr  (43)
	expr : expr . GTE expr  (44)
	expr : expr . AND expr  (46)
	expr : expr . OR expr  (47)
	expr : expr . DUP expr  (50)

	PLUS  shift 69
	MINUS  shift 70
	TIMES  shift 71
	DIVIDE  shift 72
	MOD  shift 73
	DUP  shift 74
	LT  shift 77
	LTE  shift 78
	GT  shift 79
	GTE  shift 80
	SEP  reduce 39
	RPAREN  reduce 39
	LBRACK  reduce 39
	RBRACK  reduce 39
	LCURLY  reduce 39
	COMMA  reduce 39
	EQ  reduce 39
	NEQ  reduce 39
	AND  reduce 39
	OR  reduce 39
	NOT  reduce 39
	IN  reduce 39
	IF  reduce 39
	FOR  reduce 39
	WHILE  reduce 39
	RETURN  reduce 39
	LIT_BOOL  reduce 39
	LIT_INT  reduce 39
	LIT_STRING  reduce 39
	LIT_RHYTHM  reduce 39
	ID  reduce 39


state 105
	expr : expr . PLUS expr  (34)
	expr : expr . MINUS expr  (35)
	expr : expr . TIMES expr  (36)
	expr : expr . DIVIDE expr  (37)
	expr : expr . MOD expr  (38)
	expr : expr . EQ expr  (39)
	expr : expr . NEQ expr  (40)
	expr : expr NEQ expr .  (40)
	expr : expr . LT expr  (41)
	expr : expr . LTE expr  (42)
	expr : expr . GT expr  (43)
	expr : expr . GTE expr  (44)
	expr : expr . AND expr  (46)
	expr : expr . OR expr  (47)
	expr : expr . DUP expr  (50)

	PLUS  shift 69
	MINUS  shift 70
	TIMES  shift 71
	DIVIDE  shift 72
	MOD  shift 73
	DUP  shift 74
	LT  shift 77
	LTE  shift 78
	GT  shift 79
	GTE  shift 80
	SEP  reduce 40
	RPAREN  reduce 40
	LBRACK  reduce 40
	RBRACK  reduce 40
	LCURLY  reduce 40
	COMMA  reduce 40
	EQ  reduce 40
	NEQ  reduce 40
	AND  reduce 40
	OR  reduce 40
	NOT  reduce 40
	IN  reduce 40
	IF  reduce 40
	FOR  reduce 40
	WHILE  reduce 40
	RETURN  reduce 40
	LIT_BOOL  reduce 40
	LIT_INT  reduce 40
	LIT_STRING  reduce 40
	LIT_RHYTHM  reduce 40
	ID  reduce 40


state 106
	expr : expr . PLUS expr  (34)
	expr : expr . MINUS expr  (35)
	expr : expr . TIMES expr  (36)
	expr : expr . DIVIDE expr  (37)
	expr : expr . MOD expr  (38)
	expr : expr . EQ expr  (39)
	expr : expr . NEQ expr  (40)
	expr : expr . LT expr  (41)
	expr : expr LT expr .  (41)
	expr : expr . LTE expr  (42)
	expr : expr . GT expr  (43)
	expr : expr . GTE expr  (44)
	expr : expr . AND expr  (46)
	expr : expr . OR expr  (47)
	expr : expr . DUP expr  (50)

	PLUS  shift 69
	MINUS  shift 70
	TIMES  shift 71
	DIVIDE  shift 72
	MOD  shift 73
	DUP  shift 74
	SEP  reduce 41
	RPAREN  reduce 41
	LBRACK  reduce 41
	RBRACK  reduce 41
	LCURLY  reduce 41
	COMMA  reduce 41
	EQ  reduce 41
	NEQ  reduce 41
	AND  reduce 41
	OR  reduce 41
	NOT  reduce 41
	IN  reduce 41
	IF  reduce 41
	FOR  reduce 41
	WHILE  reduce 41
	RETURN  reduce 41
	LIT_BOOL  reduce 41
	LIT_INT  reduce 41
	LIT_STRING  reduce 41
	LIT_RHYTHM  reduce 41
	ID  reduce 41


state 107
	expr : expr . PLUS expr  (34)
	expr : expr . MINUS expr  (35)
	expr : expr . TIMES expr  (36)
	expr : expr . DIVIDE expr  (37)
	expr : expr . MOD expr  (38)
	expr : expr . EQ expr  (39)
	expr : expr . NEQ expr  (40)
	expr : expr . LT expr  (41)
	expr : expr . LTE expr  (42)
	expr : expr LTE expr .  (42)
	expr : expr . GT expr  (43)
	expr : expr . GTE expr  (44)
	expr : expr . AND expr  (46)
	expr : expr . OR expr  (47)
	expr : expr . DUP expr  (50)

	PLUS  shift 69
	MINUS  shift 70
	TIMES  shift 71
	DIVIDE  shift 72
	MOD  shift 73
	DUP  shift 74
	SEP  reduce 42
	RPAREN  reduce 42
	LBRACK  reduce 42
	RBRACK  reduce 42
	LCURLY  reduce 42
	COMMA  reduce 42
	EQ  reduce 42
	NEQ  reduce 42
	AND  reduce 42
	OR  reduce 42
	NOT  reduce 42
	IN  reduce 42
	IF  reduce 42
	FOR  reduce 42
	WHILE  reduce 42
	RETURN  reduce 42
	LIT_BOOL  reduce 42
	LIT_INT  reduce 42
	LIT_STRING  reduce 42
	LIT_RHYTHM  reduce 42
	ID  reduce 42


state 108
	expr : expr . PLUS expr  (34)
	expr : expr . MINUS expr  (35)
	expr : expr . TIMES expr  (36)
	expr : expr . DIVIDE expr  (37)
	expr : expr . MOD expr  (38)
	expr : expr . EQ expr  (39)
	expr : expr . NEQ expr  (40)
	expr : expr . LT expr  (41)
	expr : expr . LTE expr  (42)
	expr : expr . GT expr  (43)
	expr : expr GT expr .  (43)
	expr : expr . GTE expr  (44)
	expr : expr . AND expr  (46)
	expr : expr . OR expr  (47)
	expr : expr . DUP expr  (50)

	PLUS  shift 69
	MINUS  shift 70
	TIMES  shift 71
	DIVIDE  shift 72
	MOD  shift 73
	DUP  shift 74
	SEP  reduce 43
	RPAREN  reduce 43
	LBRACK  reduce 43
	RBRACK  reduce 43
	LCURLY  reduce 43
	COMMA  reduce 43
	EQ  reduce 43
	NEQ  reduce 43
	AND  reduce 43
	OR  reduce 43
	NOT  reduce 43
	IN  reduce 43
	IF  reduce 43
	FOR  reduce 43
	WHILE  reduce 43
	RETURN  reduce 43
	LIT_BOOL  reduce 43
	LIT_INT  reduce 43
	LIT_STRING  reduce 43
	LIT_RHYTHM  reduce 43
	ID  reduce 43


state 109
	expr : expr . PLUS expr  (34)
	expr : expr . MINUS expr  (35)
	expr : expr . TIMES expr  (36)
	expr : expr . DIVIDE expr  (37)
	expr : expr . MOD expr  (38)
	expr : expr . EQ expr  (39)
	expr : expr . NEQ expr  (40)
	expr : expr . LT expr  (41)
	expr : expr . LTE expr  (42)
	expr : expr . GT expr  (43)
	expr : expr . GTE expr  (44)
	expr : expr GTE expr .  (44)
	expr : expr . AND expr  (46)
	expr : expr . OR expr  (47)
	expr : expr . DUP expr  (50)

	PLUS  shift 69
	MINUS  shift 70
	TIMES  shift 71
	DIVIDE  shift 72
	MOD  shift 73
	DUP  shift 74
	SEP  reduce 44
	RPAREN  reduce 44
	LBRACK  reduce 44
	RBRACK  reduce 44
	LCURLY  reduce 44
	COMMA  reduce 44
	EQ  reduce 44
	NEQ  reduce 44
	AND  reduce 44
	OR  reduce 44
	NOT  reduce 44
	IN  reduce 44
	IF  reduce 44
	FOR  reduce 44
	WHILE  reduce 44
	RETURN  reduce 44
	LIT_BOOL  reduce 44
	LIT_INT  reduce 44
	LIT_STRING  reduce 44
	LIT_RHYTHM  reduce 44
	ID  reduce 44


state 110
	expr : expr . PLUS expr  (34)
	expr : expr . MINUS expr  (35)
	expr : expr . TIMES expr  (36)
	expr : expr . DIVIDE expr  (37)
	expr : expr . MOD expr  (38)
	expr : expr . EQ expr  (39)
	expr : expr . NEQ expr  (40)
	expr : expr . LT expr  (41)
	expr : expr . LTE expr  (42)
	expr : expr . GT expr  (43)
	expr : expr . GTE expr  (44)
	expr : expr . AND expr  (46)
	expr : expr AND expr .  (46)
	expr : expr . OR expr  (47)
	expr : expr . DUP expr  (50)

	PLUS  shift 69
	MINUS  shift 70
	TIMES  shift 71
	DIVIDE  shift 72
	MOD  shift 73
	DUP  shift 74
	EQ  shift 75
	NEQ  shift 76
	LT  shift 77
	LTE  shift 78
	GT  shift 79
	GTE  shift 80
	SEP  reduce 46
	RPAREN  reduce 46
	LBRACK  reduce 46
	RBRACK  reduce 46
	LCURLY  reduce 46
	COMMA  reduce 46
	AND  reduce 46
	OR  reduce 46
	NOT  reduce 46
	IN  reduce 46
	IF  reduce 46
	FOR  reduce 46
	WHILE  reduce 46
	RETURN  reduce 46
	LIT_BOOL  reduce 46
	LIT_INT  reduce 46
	LIT_STRING  reduce 46
	LIT_RHYTHM  reduce 46
	ID  reduce 46


state 111
	expr : expr . PLUS expr  (34)
	expr : expr . MINUS expr  (35)
	expr : expr . TIMES expr  (36)
	expr : expr . DIVIDE expr  (37)
	expr : expr . MOD expr  (38)
	expr : expr . EQ expr  (39)
	expr : expr . NEQ expr  (40)
	expr : expr . LT expr  (41)
	expr : expr . LTE expr  (42)
	expr : expr . GT expr  (43)
	expr : expr . GTE expr  (44)
	expr : expr . AND expr  (46)
	expr : expr . OR expr  (47)
	expr : expr OR expr .  (47)
	expr : expr . DUP expr  (50)

	PLUS  shift 69
	MINUS  shift 70
	TIMES  shift 71
	DIVIDE  shift 72
	MOD  shift 73
	DUP  shift 74
	EQ  shift 75
	NEQ  shift 76
	LT  shift 77
	LTE  shift 78
	GT  shift 79
	GTE  shift 80
	AND  shift 81
	SEP  reduce 47
	RPAREN  reduce 47
	LBRACK  reduce 47
	RBRACK  reduce 47
	LCURLY  reduce 47
	COMMA  reduce 47
	OR  reduce 47
	NOT  reduce 47
	IN  reduce 47
	IF  reduce 47
	FOR  reduce 47
	WHILE  reduce 47
	RETURN  reduce 47
	LIT_BOOL  reduce 47
	LIT_INT  reduce 47
	LIT_STRING  reduce 47
	LIT_RHYTHM  reduce 47
	ID  reduce 47


state 112
	expr : lit_array CONCAT lit_array .  (48)

	.  reduce 48


state 113
	expr : lit_array BIND lit_array .  (49)

	.  reduce 49


state 114
	expr : expr . PLUS expr  (34)
	expr : expr . MINUS expr  (35)
	expr : expr . TIMES expr  (36)
	expr : expr . DIVIDE expr  (37)
	expr : expr . MOD expr  (38)
	expr : expr . EQ expr  (39)
	expr : expr . NEQ expr  (40)
	expr : expr . LT expr  (41)
	expr : expr . LTE expr  (42)
	expr : expr . GT expr  (43)
	expr : expr . GTE expr  (44)
	expr : expr . AND expr  (46)
	expr : expr . OR expr  (47)
	expr : expr . DUP expr  (50)
	items_list : items_list COMMA expr .  (67)

	PLUS  shift 69
	MINUS  shift 70
	TIMES  shift 71
	DIVIDE  shift 72
	MOD  shift 73
	DUP  shift 74
	EQ  shift 75
	NEQ  shift 76
	LT  shift 77
	LTE  shift 78
	GT  shift 79
	GTE  shift 80
	AND  shift 81
	OR  shift 82
	RBRACK  reduce 67
	COMMA  reduce 67


state 115
	lit_note : LT LIT_INT COMMA LIT_RHYTHM . GT  (63)

	GT  shift 121
	.  error


state 116
	literals : LIT_INT .  (58)
	lit_note : LT LIT_INT . COMMA LIT_RHYTHM GT  (63)

	COMMA  shift 88
	LBRACK  reduce 58
	LCURLY  reduce 58
	PLUS  reduce 58
	MINUS  reduce 58
	TIMES  reduce 58
	DIVIDE  reduce 58
	MOD  reduce 58
	DUP  reduce 58
	EQ  reduce 58
	NEQ  reduce 58
	LT  reduce 58
	LTE  reduce 58
	GT  reduce 58
	GTE  reduce 58
	AND  reduce 58
	OR  reduce 58
	NOT  reduce 58
	IF  reduce 58
	FOR  reduce 58
	WHILE  reduce 58
	RETURN  reduce 58
	LIT_BOOL  reduce 58
	LIT_INT  reduce 58
	LIT_STRING  reduce 58
	LIT_RHYTHM  reduce 58
	ID  reduce 58


state 117
	stmt : IF expr stmt ELSE . stmt  (27)

	LBRACK  shift 34
	LCURLY  shift 35
	LT  shift 36
	NOT  shift 37
	IF  shift 38
	FOR  shift 39
	WHILE  shift 40
	RETURN  shift 41
	LIT_BOOL  shift 42
	LIT_INT  shift 43
	LIT_STRING  shift 44
	LIT_RHYTHM  shift 45
	ID  shift 46
	.  error

	stmt  goto 122
	expr  goto 50
	literals  goto 51
	lit_array  goto 52
	lit_note  goto 53


state 118
	stmt : FOR expr IN expr . stmt  (28)
	expr : expr . PLUS expr  (34)
	expr : expr . MINUS expr  (35)
	expr : expr . TIMES expr  (36)
	expr : expr . DIVIDE expr  (37)
	expr : expr . MOD expr  (38)
	expr : expr . EQ expr  (39)
	expr : expr . NEQ expr  (40)
	expr : expr . LT expr  (41)
	expr : expr . LTE expr  (42)
	expr : expr . GT expr  (43)
	expr : expr . GTE expr  (44)
	expr : expr . AND expr  (46)
	expr : expr . OR expr  (47)
	expr : expr . DUP expr  (50)

	LBRACK  shift 34
	LCURLY  shift 35
	PLUS  shift 69
	MINUS  shift 70
	TIMES  shift 71
	DIVIDE  shift 72
	MOD  shift 73
	DUP  shift 74
	EQ  shift 75
	NEQ  shift 76
	LT  shift 89
	LTE  shift 78
	GT  shift 79
	GTE  shift 80
	AND  shift 81
	OR  shift 82
	NOT  shift 37
	IF  shift 38
	FOR  shift 39
	WHILE  shift 40
	RETURN  shift 41
	LIT_BOOL  shift 42
	LIT_INT  shift 43
	LIT_STRING  shift 44
	LIT_RHYTHM  shift 45
	ID  shift 46
	.  error

	stmt  goto 123
	expr  goto 50
	literals  goto 51
	lit_array  goto 52
	lit_note  goto 53


state 119
	expr : ID LPAREN args_opt RPAREN .  (52)

	.  reduce 52


state 120
	args_list : args_list COMMA . expr  (56)

	LBRACK  shift 34
	LT  shift 36
	NOT  shift 37
	LIT_BOOL  shift 42
	LIT_INT  shift 43
	LIT_STRING  shift 44
	LIT_RHYTHM  shift 45
	ID  shift 46
	.  error

	expr  goto 124
	literals  goto 51
	lit_array  goto 52
	lit_note  goto 53


state 121
	lit_note : LT LIT_INT COMMA LIT_RHYTHM GT .  (63)

	.  reduce 63


state 122
	stmt : IF expr stmt ELSE stmt .  (27)

	.  reduce 27


state 123
	stmt : FOR expr IN expr stmt .  (28)

	.  reduce 28


state 124
	expr : expr . PLUS expr  (34)
	expr : expr . MINUS expr  (35)
	expr : expr . TIMES expr  (36)
	expr : expr . DIVIDE expr  (37)
	expr : expr . MOD expr  (38)
	expr : expr . EQ expr  (39)
	expr : expr . NEQ expr  (40)
	expr : expr . LT expr  (41)
	expr : expr . LTE expr  (42)
	expr : expr . GT expr  (43)
	expr : expr . GTE expr  (44)
	expr : expr . AND expr  (46)
	expr : expr . OR expr  (47)
	expr : expr . DUP expr  (50)
	args_list : args_list COMMA expr .  (56)

	PLUS  shift 69
	MINUS  shift 70
	TIMES  shift 71
	DIVIDE  shift 72
	MOD  shift 73
	DUP  shift 74
	EQ  shift 75
	NEQ  shift 76
	LT  shift 77
	LTE  shift 78
	GT  shift 79
	GTE  shift 80
	AND  shift 81
	OR  shift 82
	RPAREN  reduce 56
	COMMA  reduce 56


53 terminals, 20 nonterminals
69 grammar rules, 125 states
